ARM GAS  /tmp/cc6FnDza.s 			page 1


   1              		.cpu cortex-m0
   2              		.fpu softvfp
   3              		.eabi_attribute 20, 1
   4              		.eabi_attribute 21, 1
   5              		.eabi_attribute 23, 3
   6              		.eabi_attribute 24, 1
   7              		.eabi_attribute 25, 1
   8              		.eabi_attribute 26, 1
   9              		.eabi_attribute 30, 1
  10              		.eabi_attribute 34, 0
  11              		.eabi_attribute 18, 4
  12              		.code	16
  13              		.file	"stm32f0xx_hal_adc.c"
  14              		.text
  15              	.Ltext0:
  16              		.cfi_sections	.debug_frame
  17              	.Letext0:
ARM GAS  /tmp/cc6FnDza.s 			page 2


DEFINED SYMBOLS
                            *ABS*:00000000 stm32f0xx_hal_adc.c

NO UNDEFINED SYMBOLS
