ARM GAS  /tmp/ccYzkdzb.s 			page 1


   1              		.cpu cortex-m0
   2              		.fpu softvfp
   3              		.eabi_attribute 20, 1
   4              		.eabi_attribute 21, 1
   5              		.eabi_attribute 23, 3
   6              		.eabi_attribute 24, 1
   7              		.eabi_attribute 25, 1
   8              		.eabi_attribute 26, 1
   9              		.eabi_attribute 30, 1
  10              		.eabi_attribute 34, 0
  11              		.eabi_attribute 18, 4
  12              		.code	16
  13              		.file	"stm32f0xx_hal_pcd_ex.c"
  14              		.text
  15              	.Ltext0:
  16              		.cfi_sections	.debug_frame
  17              		.section	.text.HAL_PCDEx_PMAConfig,"ax",%progbits
  18              		.align	2
  19              		.global	HAL_PCDEx_PMAConfig
  20              		.code	16
  21              		.thumb_func
  23              	HAL_PCDEx_PMAConfig:
  24              	.LFB34:
  25              		.file 1 "Drivers/STM32F0xx_HAL_Driver/Src/stm32f0xx_hal_pcd_ex.c"
   1:Drivers/STM32F0xx_HAL_Driver/Src/stm32f0xx_hal_pcd_ex.c **** /**
   2:Drivers/STM32F0xx_HAL_Driver/Src/stm32f0xx_hal_pcd_ex.c ****   ******************************************************************************
   3:Drivers/STM32F0xx_HAL_Driver/Src/stm32f0xx_hal_pcd_ex.c ****   * @file    stm32f0xx_hal_pcd_ex.c
   4:Drivers/STM32F0xx_HAL_Driver/Src/stm32f0xx_hal_pcd_ex.c ****   * @author  MCD Application Team
   5:Drivers/STM32F0xx_HAL_Driver/Src/stm32f0xx_hal_pcd_ex.c ****   * @brief   Extended PCD HAL module driver.
   6:Drivers/STM32F0xx_HAL_Driver/Src/stm32f0xx_hal_pcd_ex.c ****   *          This file provides firmware functions to manage the following 
   7:Drivers/STM32F0xx_HAL_Driver/Src/stm32f0xx_hal_pcd_ex.c ****   *          functionalities of the USB Peripheral Controller:
   8:Drivers/STM32F0xx_HAL_Driver/Src/stm32f0xx_hal_pcd_ex.c ****   *           + Configuration of the PMA for EP
   9:Drivers/STM32F0xx_HAL_Driver/Src/stm32f0xx_hal_pcd_ex.c ****   *         
  10:Drivers/STM32F0xx_HAL_Driver/Src/stm32f0xx_hal_pcd_ex.c ****   ******************************************************************************
  11:Drivers/STM32F0xx_HAL_Driver/Src/stm32f0xx_hal_pcd_ex.c ****   * @attention
  12:Drivers/STM32F0xx_HAL_Driver/Src/stm32f0xx_hal_pcd_ex.c ****   *
  13:Drivers/STM32F0xx_HAL_Driver/Src/stm32f0xx_hal_pcd_ex.c ****   * <h2><center>&copy; COPYRIGHT(c) 2016 STMicroelectronics</center></h2>
  14:Drivers/STM32F0xx_HAL_Driver/Src/stm32f0xx_hal_pcd_ex.c ****   *
  15:Drivers/STM32F0xx_HAL_Driver/Src/stm32f0xx_hal_pcd_ex.c ****   * Redistribution and use in source and binary forms, with or without modification,
  16:Drivers/STM32F0xx_HAL_Driver/Src/stm32f0xx_hal_pcd_ex.c ****   * are permitted provided that the following conditions are met:
  17:Drivers/STM32F0xx_HAL_Driver/Src/stm32f0xx_hal_pcd_ex.c ****   *   1. Redistributions of source code must retain the above copyright notice,
  18:Drivers/STM32F0xx_HAL_Driver/Src/stm32f0xx_hal_pcd_ex.c ****   *      this list of conditions and the following disclaimer.
  19:Drivers/STM32F0xx_HAL_Driver/Src/stm32f0xx_hal_pcd_ex.c ****   *   2. Redistributions in binary form must reproduce the above copyright notice,
  20:Drivers/STM32F0xx_HAL_Driver/Src/stm32f0xx_hal_pcd_ex.c ****   *      this list of conditions and the following disclaimer in the documentation
  21:Drivers/STM32F0xx_HAL_Driver/Src/stm32f0xx_hal_pcd_ex.c ****   *      and/or other materials provided with the distribution.
  22:Drivers/STM32F0xx_HAL_Driver/Src/stm32f0xx_hal_pcd_ex.c ****   *   3. Neither the name of STMicroelectronics nor the names of its contributors
  23:Drivers/STM32F0xx_HAL_Driver/Src/stm32f0xx_hal_pcd_ex.c ****   *      may be used to endorse or promote products derived from this software
  24:Drivers/STM32F0xx_HAL_Driver/Src/stm32f0xx_hal_pcd_ex.c ****   *      without specific prior written permission.
  25:Drivers/STM32F0xx_HAL_Driver/Src/stm32f0xx_hal_pcd_ex.c ****   *
  26:Drivers/STM32F0xx_HAL_Driver/Src/stm32f0xx_hal_pcd_ex.c ****   * THIS SOFTWARE IS PROVIDED BY THE COPYRIGHT HOLDERS AND CONTRIBUTORS "AS IS"
  27:Drivers/STM32F0xx_HAL_Driver/Src/stm32f0xx_hal_pcd_ex.c ****   * AND ANY EXPRESS OR IMPLIED WARRANTIES, INCLUDING, BUT NOT LIMITED TO, THE
  28:Drivers/STM32F0xx_HAL_Driver/Src/stm32f0xx_hal_pcd_ex.c ****   * IMPLIED WARRANTIES OF MERCHANTABILITY AND FITNESS FOR A PARTICULAR PURPOSE ARE
  29:Drivers/STM32F0xx_HAL_Driver/Src/stm32f0xx_hal_pcd_ex.c ****   * DISCLAIMED. IN NO EVENT SHALL THE COPYRIGHT HOLDER OR CONTRIBUTORS BE LIABLE
  30:Drivers/STM32F0xx_HAL_Driver/Src/stm32f0xx_hal_pcd_ex.c ****   * FOR ANY DIRECT, INDIRECT, INCIDENTAL, SPECIAL, EXEMPLARY, OR CONSEQUENTIAL
  31:Drivers/STM32F0xx_HAL_Driver/Src/stm32f0xx_hal_pcd_ex.c ****   * DAMAGES (INCLUDING, BUT NOT LIMITED TO, PROCUREMENT OF SUBSTITUTE GOODS OR
  32:Drivers/STM32F0xx_HAL_Driver/Src/stm32f0xx_hal_pcd_ex.c ****   * SERVICES; LOSS OF USE, DATA, OR PROFITS; OR BUSINESS INTERRUPTION) HOWEVER
  33:Drivers/STM32F0xx_HAL_Driver/Src/stm32f0xx_hal_pcd_ex.c ****   * CAUSED AND ON ANY THEORY OF LIABILITY, WHETHER IN CONTRACT, STRICT LIABILITY,
ARM GAS  /tmp/ccYzkdzb.s 			page 2


  34:Drivers/STM32F0xx_HAL_Driver/Src/stm32f0xx_hal_pcd_ex.c ****   * OR TORT (INCLUDING NEGLIGENCE OR OTHERWISE) ARISING IN ANY WAY OUT OF THE USE
  35:Drivers/STM32F0xx_HAL_Driver/Src/stm32f0xx_hal_pcd_ex.c ****   * OF THIS SOFTWARE, EVEN IF ADVISED OF THE POSSIBILITY OF SUCH DAMAGE.
  36:Drivers/STM32F0xx_HAL_Driver/Src/stm32f0xx_hal_pcd_ex.c ****   *
  37:Drivers/STM32F0xx_HAL_Driver/Src/stm32f0xx_hal_pcd_ex.c ****   ******************************************************************************
  38:Drivers/STM32F0xx_HAL_Driver/Src/stm32f0xx_hal_pcd_ex.c ****   */
  39:Drivers/STM32F0xx_HAL_Driver/Src/stm32f0xx_hal_pcd_ex.c **** 
  40:Drivers/STM32F0xx_HAL_Driver/Src/stm32f0xx_hal_pcd_ex.c **** /* Includes ------------------------------------------------------------------*/
  41:Drivers/STM32F0xx_HAL_Driver/Src/stm32f0xx_hal_pcd_ex.c **** #include "stm32f0xx_hal.h"
  42:Drivers/STM32F0xx_HAL_Driver/Src/stm32f0xx_hal_pcd_ex.c **** 
  43:Drivers/STM32F0xx_HAL_Driver/Src/stm32f0xx_hal_pcd_ex.c **** #ifdef HAL_PCD_MODULE_ENABLED
  44:Drivers/STM32F0xx_HAL_Driver/Src/stm32f0xx_hal_pcd_ex.c **** 
  45:Drivers/STM32F0xx_HAL_Driver/Src/stm32f0xx_hal_pcd_ex.c **** #if defined(STM32F042x6) || defined(STM32F048xx) || defined(STM32F072xB) || defined(STM32F078xx) ||
  46:Drivers/STM32F0xx_HAL_Driver/Src/stm32f0xx_hal_pcd_ex.c **** 
  47:Drivers/STM32F0xx_HAL_Driver/Src/stm32f0xx_hal_pcd_ex.c **** /** @addtogroup STM32F0xx_HAL_Driver
  48:Drivers/STM32F0xx_HAL_Driver/Src/stm32f0xx_hal_pcd_ex.c ****   * @{
  49:Drivers/STM32F0xx_HAL_Driver/Src/stm32f0xx_hal_pcd_ex.c ****   */
  50:Drivers/STM32F0xx_HAL_Driver/Src/stm32f0xx_hal_pcd_ex.c **** 
  51:Drivers/STM32F0xx_HAL_Driver/Src/stm32f0xx_hal_pcd_ex.c **** /** @defgroup PCDEx PCDEx
  52:Drivers/STM32F0xx_HAL_Driver/Src/stm32f0xx_hal_pcd_ex.c ****   * @brief PCD Extended HAL module driver
  53:Drivers/STM32F0xx_HAL_Driver/Src/stm32f0xx_hal_pcd_ex.c ****   * @{
  54:Drivers/STM32F0xx_HAL_Driver/Src/stm32f0xx_hal_pcd_ex.c ****   */
  55:Drivers/STM32F0xx_HAL_Driver/Src/stm32f0xx_hal_pcd_ex.c **** 
  56:Drivers/STM32F0xx_HAL_Driver/Src/stm32f0xx_hal_pcd_ex.c **** /* Private typedef -----------------------------------------------------------*/
  57:Drivers/STM32F0xx_HAL_Driver/Src/stm32f0xx_hal_pcd_ex.c **** /* Private define ------------------------------------------------------------*/
  58:Drivers/STM32F0xx_HAL_Driver/Src/stm32f0xx_hal_pcd_ex.c **** /* Private macro -------------------------------------------------------------*/
  59:Drivers/STM32F0xx_HAL_Driver/Src/stm32f0xx_hal_pcd_ex.c **** /* Private variables ---------------------------------------------------------*/
  60:Drivers/STM32F0xx_HAL_Driver/Src/stm32f0xx_hal_pcd_ex.c **** /* Private function prototypes -----------------------------------------------*/
  61:Drivers/STM32F0xx_HAL_Driver/Src/stm32f0xx_hal_pcd_ex.c **** /* Exported functions ---------------------------------------------------------*/
  62:Drivers/STM32F0xx_HAL_Driver/Src/stm32f0xx_hal_pcd_ex.c **** /** @defgroup PCDEx_Exported_Functions PCDEx Exported Functions
  63:Drivers/STM32F0xx_HAL_Driver/Src/stm32f0xx_hal_pcd_ex.c ****   * @{
  64:Drivers/STM32F0xx_HAL_Driver/Src/stm32f0xx_hal_pcd_ex.c ****   */
  65:Drivers/STM32F0xx_HAL_Driver/Src/stm32f0xx_hal_pcd_ex.c **** 
  66:Drivers/STM32F0xx_HAL_Driver/Src/stm32f0xx_hal_pcd_ex.c **** /** @defgroup PCDEx_Exported_Functions_Group1 Peripheral Control functions
  67:Drivers/STM32F0xx_HAL_Driver/Src/stm32f0xx_hal_pcd_ex.c ****   * @brief    PCDEx control functions 
  68:Drivers/STM32F0xx_HAL_Driver/Src/stm32f0xx_hal_pcd_ex.c ****   *
  69:Drivers/STM32F0xx_HAL_Driver/Src/stm32f0xx_hal_pcd_ex.c **** @verbatim
  70:Drivers/STM32F0xx_HAL_Driver/Src/stm32f0xx_hal_pcd_ex.c ****  ===============================================================================
  71:Drivers/STM32F0xx_HAL_Driver/Src/stm32f0xx_hal_pcd_ex.c ****               ##### Extended Peripheral Control functions #####
  72:Drivers/STM32F0xx_HAL_Driver/Src/stm32f0xx_hal_pcd_ex.c ****  ===============================================================================
  73:Drivers/STM32F0xx_HAL_Driver/Src/stm32f0xx_hal_pcd_ex.c ****     [..]  This section provides functions allowing to:
  74:Drivers/STM32F0xx_HAL_Driver/Src/stm32f0xx_hal_pcd_ex.c ****       (+) Update PMA configuration
  75:Drivers/STM32F0xx_HAL_Driver/Src/stm32f0xx_hal_pcd_ex.c **** 
  76:Drivers/STM32F0xx_HAL_Driver/Src/stm32f0xx_hal_pcd_ex.c **** @endverbatim
  77:Drivers/STM32F0xx_HAL_Driver/Src/stm32f0xx_hal_pcd_ex.c ****   * @{
  78:Drivers/STM32F0xx_HAL_Driver/Src/stm32f0xx_hal_pcd_ex.c ****   */
  79:Drivers/STM32F0xx_HAL_Driver/Src/stm32f0xx_hal_pcd_ex.c **** 
  80:Drivers/STM32F0xx_HAL_Driver/Src/stm32f0xx_hal_pcd_ex.c **** /**
  81:Drivers/STM32F0xx_HAL_Driver/Src/stm32f0xx_hal_pcd_ex.c ****   * @brief Configure PMA for EP
  82:Drivers/STM32F0xx_HAL_Driver/Src/stm32f0xx_hal_pcd_ex.c ****   * @param  hpcd: PCD handle
  83:Drivers/STM32F0xx_HAL_Driver/Src/stm32f0xx_hal_pcd_ex.c ****   * @param  ep_addr: endpoint address
  84:Drivers/STM32F0xx_HAL_Driver/Src/stm32f0xx_hal_pcd_ex.c ****   * @param  ep_kind: endpoint Kind
  85:Drivers/STM32F0xx_HAL_Driver/Src/stm32f0xx_hal_pcd_ex.c ****   *                @arg USB_SNG_BUF: Single Buffer used
  86:Drivers/STM32F0xx_HAL_Driver/Src/stm32f0xx_hal_pcd_ex.c ****   *                @arg USB_DBL_BUF: Double Buffer used
  87:Drivers/STM32F0xx_HAL_Driver/Src/stm32f0xx_hal_pcd_ex.c ****   * @param  pmaadress: EP address in The PMA: In case of single buffer endpoint
  88:Drivers/STM32F0xx_HAL_Driver/Src/stm32f0xx_hal_pcd_ex.c ****   *                   this parameter is 16-bit value providing the address
  89:Drivers/STM32F0xx_HAL_Driver/Src/stm32f0xx_hal_pcd_ex.c ****   *                   in PMA allocated to endpoint.
  90:Drivers/STM32F0xx_HAL_Driver/Src/stm32f0xx_hal_pcd_ex.c ****   *                   In case of double buffer endpoint this parameter
ARM GAS  /tmp/ccYzkdzb.s 			page 3


  91:Drivers/STM32F0xx_HAL_Driver/Src/stm32f0xx_hal_pcd_ex.c ****   *                   is a 32-bit value providing the endpoint buffer 0 address
  92:Drivers/STM32F0xx_HAL_Driver/Src/stm32f0xx_hal_pcd_ex.c ****   *                   in the LSB part of 32-bit value and endpoint buffer 1 address
  93:Drivers/STM32F0xx_HAL_Driver/Src/stm32f0xx_hal_pcd_ex.c ****   *                   in the MSB part of 32-bit value.
  94:Drivers/STM32F0xx_HAL_Driver/Src/stm32f0xx_hal_pcd_ex.c ****   * @retval : status
  95:Drivers/STM32F0xx_HAL_Driver/Src/stm32f0xx_hal_pcd_ex.c ****   */
  96:Drivers/STM32F0xx_HAL_Driver/Src/stm32f0xx_hal_pcd_ex.c **** 
  97:Drivers/STM32F0xx_HAL_Driver/Src/stm32f0xx_hal_pcd_ex.c **** HAL_StatusTypeDef  HAL_PCDEx_PMAConfig(PCD_HandleTypeDef *hpcd, 
  98:Drivers/STM32F0xx_HAL_Driver/Src/stm32f0xx_hal_pcd_ex.c ****                         uint16_t ep_addr,
  99:Drivers/STM32F0xx_HAL_Driver/Src/stm32f0xx_hal_pcd_ex.c ****                         uint16_t ep_kind,
 100:Drivers/STM32F0xx_HAL_Driver/Src/stm32f0xx_hal_pcd_ex.c ****                         uint32_t pmaadress)
 101:Drivers/STM32F0xx_HAL_Driver/Src/stm32f0xx_hal_pcd_ex.c **** 
 102:Drivers/STM32F0xx_HAL_Driver/Src/stm32f0xx_hal_pcd_ex.c **** {
  26              		.loc 1 102 0
  27              		.cfi_startproc
  28              	.LVL0:
  29 0000 10B5     		push	{r4, lr}
  30              	.LCFI0:
  31              		.cfi_def_cfa_offset 8
  32              		.cfi_offset 4, -8
  33              		.cfi_offset 14, -4
 103:Drivers/STM32F0xx_HAL_Driver/Src/stm32f0xx_hal_pcd_ex.c ****   PCD_EPTypeDef *ep;
 104:Drivers/STM32F0xx_HAL_Driver/Src/stm32f0xx_hal_pcd_ex.c ****   
 105:Drivers/STM32F0xx_HAL_Driver/Src/stm32f0xx_hal_pcd_ex.c ****   /* initialize ep structure*/
 106:Drivers/STM32F0xx_HAL_Driver/Src/stm32f0xx_hal_pcd_ex.c ****   if ((0x80U & ep_addr) == 0x80U)
  34              		.loc 1 106 0
  35 0002 0C06     		lsl	r4, r1, #24
  36 0004 07D5     		bpl	.L2
 107:Drivers/STM32F0xx_HAL_Driver/Src/stm32f0xx_hal_pcd_ex.c ****   {
 108:Drivers/STM32F0xx_HAL_Driver/Src/stm32f0xx_hal_pcd_ex.c ****     ep = &hpcd->IN_ep[ep_addr & 0x7FU];
  37              		.loc 1 108 0
  38 0006 7F24     		mov	r4, #127
  39 0008 2140     		and	r1, r4
  40              	.LVL1:
  41 000a CC00     		lsl	r4, r1, #3
  42 000c 611A     		sub	r1, r4, r1
  43 000e 8900     		lsl	r1, r1, #2
  44 0010 2831     		add	r1, r1, #40
  45 0012 4018     		add	r0, r0, r1
  46              	.LVL2:
  47 0014 05E0     		b	.L3
  48              	.LVL3:
  49              	.L2:
 109:Drivers/STM32F0xx_HAL_Driver/Src/stm32f0xx_hal_pcd_ex.c ****   }
 110:Drivers/STM32F0xx_HAL_Driver/Src/stm32f0xx_hal_pcd_ex.c ****   else
 111:Drivers/STM32F0xx_HAL_Driver/Src/stm32f0xx_hal_pcd_ex.c ****   {
 112:Drivers/STM32F0xx_HAL_Driver/Src/stm32f0xx_hal_pcd_ex.c ****     ep = &hpcd->OUT_ep[ep_addr];
  50              		.loc 1 112 0
  51 0016 CC00     		lsl	r4, r1, #3
  52 0018 611A     		sub	r1, r4, r1
  53              	.LVL4:
  54 001a 8900     		lsl	r1, r1, #2
  55 001c 0931     		add	r1, r1, #9
  56 001e FF31     		add	r1, r1, #255
  57 0020 4018     		add	r0, r0, r1
  58              	.LVL5:
  59              	.L3:
 113:Drivers/STM32F0xx_HAL_Driver/Src/stm32f0xx_hal_pcd_ex.c ****   }
ARM GAS  /tmp/ccYzkdzb.s 			page 4


 114:Drivers/STM32F0xx_HAL_Driver/Src/stm32f0xx_hal_pcd_ex.c ****   
 115:Drivers/STM32F0xx_HAL_Driver/Src/stm32f0xx_hal_pcd_ex.c ****   /* Here we check if the endpoint is single or double Buffer*/
 116:Drivers/STM32F0xx_HAL_Driver/Src/stm32f0xx_hal_pcd_ex.c ****   if (ep_kind == PCD_SNG_BUF)
  60              		.loc 1 116 0
  61 0022 002A     		cmp	r2, #0
  62 0024 02D1     		bne	.L4
 117:Drivers/STM32F0xx_HAL_Driver/Src/stm32f0xx_hal_pcd_ex.c ****   {
 118:Drivers/STM32F0xx_HAL_Driver/Src/stm32f0xx_hal_pcd_ex.c ****     /*Single Buffer*/
 119:Drivers/STM32F0xx_HAL_Driver/Src/stm32f0xx_hal_pcd_ex.c ****     ep->doublebuffer = 0U;
  63              		.loc 1 119 0
  64 0026 8272     		strb	r2, [r0, #10]
 120:Drivers/STM32F0xx_HAL_Driver/Src/stm32f0xx_hal_pcd_ex.c ****     /*Configure the PMA*/
 121:Drivers/STM32F0xx_HAL_Driver/Src/stm32f0xx_hal_pcd_ex.c ****     ep->pmaadress = (uint16_t)pmaadress;
  65              		.loc 1 121 0
  66 0028 8380     		strh	r3, [r0, #4]
  67 002a 04E0     		b	.L5
  68              	.L4:
 122:Drivers/STM32F0xx_HAL_Driver/Src/stm32f0xx_hal_pcd_ex.c ****   }
 123:Drivers/STM32F0xx_HAL_Driver/Src/stm32f0xx_hal_pcd_ex.c ****   else /*USB_DBL_BUF*/
 124:Drivers/STM32F0xx_HAL_Driver/Src/stm32f0xx_hal_pcd_ex.c ****   {
 125:Drivers/STM32F0xx_HAL_Driver/Src/stm32f0xx_hal_pcd_ex.c ****     /*Double Buffer Endpoint*/
 126:Drivers/STM32F0xx_HAL_Driver/Src/stm32f0xx_hal_pcd_ex.c ****     ep->doublebuffer = 1U;
  69              		.loc 1 126 0
  70 002c 0122     		mov	r2, #1
  71              	.LVL6:
  72 002e 8272     		strb	r2, [r0, #10]
 127:Drivers/STM32F0xx_HAL_Driver/Src/stm32f0xx_hal_pcd_ex.c ****     /*Configure the PMA*/
 128:Drivers/STM32F0xx_HAL_Driver/Src/stm32f0xx_hal_pcd_ex.c ****     ep->pmaaddr0 =  pmaadress & 0xFFFFU;
  73              		.loc 1 128 0
  74 0030 C380     		strh	r3, [r0, #6]
 129:Drivers/STM32F0xx_HAL_Driver/Src/stm32f0xx_hal_pcd_ex.c ****     ep->pmaaddr1 =  (pmaadress & 0xFFFF0000U) >> 16U;
  75              		.loc 1 129 0
  76 0032 1B0C     		lsr	r3, r3, #16
  77              	.LVL7:
  78 0034 0381     		strh	r3, [r0, #8]
  79              	.L5:
 130:Drivers/STM32F0xx_HAL_Driver/Src/stm32f0xx_hal_pcd_ex.c ****   }
 131:Drivers/STM32F0xx_HAL_Driver/Src/stm32f0xx_hal_pcd_ex.c ****   
 132:Drivers/STM32F0xx_HAL_Driver/Src/stm32f0xx_hal_pcd_ex.c ****   return HAL_OK;
 133:Drivers/STM32F0xx_HAL_Driver/Src/stm32f0xx_hal_pcd_ex.c **** }
  80              		.loc 1 133 0
  81 0036 0020     		mov	r0, #0
  82              	.LVL8:
  83              		@ sp needed
  84 0038 10BD     		pop	{r4, pc}
  85              		.cfi_endproc
  86              	.LFE34:
  88 003a C046     		.text
  89              	.Letext0:
  90              		.file 2 "/home/niklas/Downloads/gcc-arm-none-eabi-4_8-2014q3/arm-none-eabi/include/machine/_defaul
  91              		.file 3 "/home/niklas/Downloads/gcc-arm-none-eabi-4_8-2014q3/arm-none-eabi/include/stdint.h"
  92              		.file 4 "Drivers/CMSIS/Device/ST/STM32F0xx/Include/stm32f072xb.h"
  93              		.file 5 "Drivers/STM32F0xx_HAL_Driver/Inc/stm32f0xx_hal_def.h"
  94              		.file 6 "Drivers/STM32F0xx_HAL_Driver/Inc/stm32f0xx_hal_pcd.h"
ARM GAS  /tmp/ccYzkdzb.s 			page 5


DEFINED SYMBOLS
                            *ABS*:00000000 stm32f0xx_hal_pcd_ex.c
     /tmp/ccYzkdzb.s:18     .text.HAL_PCDEx_PMAConfig:00000000 $t
     /tmp/ccYzkdzb.s:23     .text.HAL_PCDEx_PMAConfig:00000000 HAL_PCDEx_PMAConfig
                     .debug_frame:00000010 $d

NO UNDEFINED SYMBOLS
