ARM GAS  /tmp/ccsOcXE1.s 			page 1


   1              		.cpu cortex-m0
   2              		.eabi_attribute 20, 1
   3              		.eabi_attribute 21, 1
   4              		.eabi_attribute 23, 3
   5              		.eabi_attribute 24, 1
   6              		.eabi_attribute 25, 1
   7              		.eabi_attribute 26, 1
   8              		.eabi_attribute 30, 1
   9              		.eabi_attribute 34, 0
  10              		.eabi_attribute 18, 4
  11              		.file	"stm32f0xx_hal_adc.c"
  12              		.text
  13              	.Ltext0:
  14              		.cfi_sections	.debug_frame
  15              	.Letext0:
  16              		.file 1 "/usr/arm-none-eabi/include/machine/_default_types.h"
  17              		.file 2 "/usr/arm-none-eabi/include/sys/_stdint.h"
  18              		.file 3 "Drivers/CMSIS/Device/ST/STM32F0xx/Include/system_stm32f0xx.h"
  19              		.file 4 "/usr/arm-none-eabi/include/sys/lock.h"
  20              		.file 5 "/usr/arm-none-eabi/include/sys/_types.h"
  21              		.file 6 "/usr/lib/gcc/arm-none-eabi/8.3.0/include/stddef.h"
  22              		.file 7 "/usr/arm-none-eabi/include/sys/reent.h"
ARM GAS  /tmp/ccsOcXE1.s 			page 2


DEFINED SYMBOLS
                            *ABS*:0000000000000000 stm32f0xx_hal_adc.c

NO UNDEFINED SYMBOLS
